# JRE version: OpenJDK Runtime Environment (11.0.13) (build 11.0.13+0-b1751.21-8125866)
# Java VM: OpenJDK 64-Bit Server VM (11.0.13+0-b1751.21-8125866, mixed mode, tiered, compressed oops, g1 gc, windows-amd64)
Heap:
 garbage-first heap   total 165888K, used 101555K [0x0000000080000000, 0x0000000100000000)
  region size 1024K, 26 young (26624K), 7 survivors (7168K)
 Metaspace       used 86719K, capacity 88763K, committed 88956K, reserved 1126400K
  class space    used 11195K, capacity 11965K, committed 11980K, reserved 1048576K
GC Heap History (20 events):
Event: 20.370 GC heap before
{Heap before GC invocations=24 (full 0):
 garbage-first heap   total 114688K, used 89413K [0x0000000080000000, 0x0000000100000000)
  region size 1024K, 31 young (31744K), 3 survivors (3072K)
 Metaspace       used 67908K, capacity 69367K, committed 69500K, reserved 1110016K
  class space    used 8549K, capacity 9136K, committed 9164K, reserved 1048576K
}
Event: 20.378 GC heap after
{Heap after GC invocations=25 (full 0):
 garbage-first heap   total 114688K, used 63046K [0x0000000080000000, 0x0000000100000000)
  region size 1024K, 4 young (4096K), 4 survivors (4096K)
 Metaspace       used 67908K, capacity 69367K, committed 69500K, reserved 1110016K
  class space    used 8549K, capacity 9136K, committed 9164K, reserved 1048576K
}
Event: 20.738 GC heap before
{Heap before GC invocations=26 (full 0):
 garbage-first heap   total 114688K, used 90694K [0x0000000080000000, 0x0000000100000000)
  region size 1024K, 31 young (31744K), 4 survivors (4096K)
 Metaspace       used 68937K, capacity 70425K, committed 70652K, reserved 1110016K
  class space    used 8654K, capacity 9234K, committed 9292K, reserved 1048576K
}
Event: 20.746 GC heap after
{Heap after GC invocations=27 (full 0):
 garbage-first heap   total 114688K, used 65098K [0x0000000080000000, 0x0000000100000000)
  region size 1024K, 3 young (3072K), 3 survivors (3072K)
 Metaspace       used 68937K, capacity 70425K, committed 70652K, reserved 1110016K
  class space    used 8654K, capacity 9234K, committed 9292K, reserved 1048576K
}
Event: 21.429 GC heap before
{Heap before GC invocations=27 (full 0):
 garbage-first heap   total 114688K, used 91722K [0x0000000080000000, 0x0000000100000000)
  region size 1024K, 29 young (29696K), 3 survivors (3072K)
 Metaspace       used 72125K, capacity 73671K, committed 73852K, reserved 1114112K
  class space    used 9241K, capacity 9846K, committed 9932K, reserved 1048576K
}
Event: 21.438 GC heap after
{Heap after GC invocations=28 (full 0):
 garbage-first heap   total 114688K, used 66574K [0x0000000080000000, 0x0000000100000000)
  region size 1024K, 4 young (4096K), 4 survivors (4096K)
 Metaspace       used 72125K, capacity 73671K, committed 73852K, reserved 1114112K
  class space    used 9241K, capacity 9846K, committed 9932K, reserved 1048576K
}
Event: 22.058 GC heap before
{Heap before GC invocations=29 (full 0):
 garbage-first heap   total 114688K, used 93198K [0x0000000080000000, 0x0000000100000000)
  region size 1024K, 30 young (30720K), 4 survivors (4096K)
 Metaspace       used 74621K, capacity 76183K, committed 76540K, reserved 1116160K
  class space    used 9584K, capacity 10183K, committed 10316K, reserved 1048576K
}
Event: 22.066 GC heap after
{Heap after GC invocations=30 (full 0):
 garbage-first heap   total 114688K, used 68233K [0x0000000080000000, 0x0000000100000000)
  region size 1024K, 4 young (4096K), 4 survivors (4096K)
 Metaspace       used 74621K, capacity 76183K, committed 76540K, reserved 1116160K
  class space    used 9584K, capacity 10183K, committed 10316K, reserved 1048576K
}
Event: 22.732 GC heap before
{Heap before GC invocations=30 (full 0):
 garbage-first heap   total 114688K, used 92809K [0x0000000080000000, 0x0000000100000000)
  region size 1024K, 29 young (29696K), 4 survivors (4096K)
 Metaspace       used 76801K, capacity 78436K, committed 78588K, reserved 1118208K
  class space    used 9887K, capacity 10497K, committed 10572K, reserved 1048576K
}
Event: 22.750 GC heap after
{Heap after GC invocations=31 (full 0):
 garbage-first heap   total 138240K, used 70028K [0x0000000080000000, 0x0000000100000000)
  region size 1024K, 4 young (4096K), 4 survivors (4096K)
 Metaspace       used 76801K, capacity 78436K, committed 78588K, reserved 1118208K
  class space    used 9887K, capacity 10497K, committed 10572K, reserved 1048576K
}
Event: 23.936 GC heap before
{Heap before GC invocations=32 (full 0):
 garbage-first heap   total 138240K, used 107916K [0x0000000080000000, 0x0000000100000000)
  region size 1024K, 41 young (41984K), 4 survivors (4096K)
 Metaspace       used 81349K, capacity 83024K, committed 83324K, reserved 1122304K
  class space    used 10511K, capacity 11135K, committed 11212K, reserved 1048576K
}
Event: 23.946 GC heap after
{Heap after GC invocations=33 (full 0):
 garbage-first heap   total 138240K, used 71867K [0x0000000080000000, 0x0000000100000000)
  region size 1024K, 4 young (4096K), 4 survivors (4096K)
 Metaspace       used 81349K, capacity 83024K, committed 83324K, reserved 1122304K
  class space    used 10511K, capacity 11135K, committed 11212K, reserved 1048576K
}
Event: 25.040 GC heap before
{Heap before GC invocations=33 (full 0):
 garbage-first heap   total 138240K, used 109755K [0x0000000080000000, 0x0000000100000000)
  region size 1024K, 41 young (41984K), 4 survivors (4096K)
 Metaspace       used 84150K, capacity 85993K, committed 86140K, reserved 1124352K
  class space    used 10917K, capacity 11607K, committed 11724K, reserved 1048576K
}
Event: 25.061 GC heap after
{Heap after GC invocations=34 (full 0):
 garbage-first heap   total 138240K, used 75066K [0x0000000080000000, 0x0000000100000000)
  region size 1024K, 6 young (6144K), 6 survivors (6144K)
 Metaspace       used 84150K, capacity 85993K, committed 86140K, reserved 1124352K
  class space    used 10917K, capacity 11607K, committed 11724K, reserved 1048576K
}
Event: 27.394 GC heap before
{Heap before GC invocations=35 (full 0):
 garbage-first heap   total 138240K, used 109882K [0x0000000080000000, 0x0000000100000000)
  region size 1024K, 41 young (41984K), 6 survivors (6144K)
 Metaspace       used 85625K, capacity 87629K, committed 87932K, reserved 1126400K
  class space    used 11137K, capacity 11898K, committed 11980K, reserved 1048576K
}
Event: 27.406 GC heap after
{Heap after GC invocations=36 (full 0):
 garbage-first heap   total 138240K, used 78046K [0x0000000080000000, 0x0000000100000000)
  region size 1024K, 4 young (4096K), 4 survivors (4096K)
 Metaspace       used 85625K, capacity 87629K, committed 87932K, reserved 1126400K
  class space    used 11137K, capacity 11898K, committed 11980K, reserved 1048576K
}
Event: 28.875 GC heap before
{Heap before GC invocations=36 (full 0):
 garbage-first heap   total 138240K, used 111838K [0x0000000080000000, 0x0000000100000000)
  region size 1024K, 38 young (38912K), 4 survivors (4096K)
 Metaspace       used 86107K, capacity 88066K, committed 88188K, reserved 1126400K
  class space    used 11173K, capacity 11950K, committed 11980K, reserved 1048576K
}
Event: 28.886 GC heap after
{Heap after GC invocations=37 (full 0):
 garbage-first heap   total 165888K, used 80515K [0x0000000080000000, 0x0000000100000000)
  region size 1024K, 3 young (3072K), 3 survivors (3072K)
 Metaspace       used 86107K, capacity 88066K, committed 88188K, reserved 1126400K
  class space    used 11173K, capacity 11950K, committed 11980K, reserved 1048576K
}
Event: 30.032 GC heap before
{Heap before GC invocations=38 (full 0):
 garbage-first heap   total 165888K, used 130691K [0x0000000080000000, 0x0000000100000000)
  region size 1024K, 53 young (54272K), 3 survivors (3072K)
 Metaspace       used 86650K, capacity 88619K, committed 88700K, reserved 1126400K
  class space    used 11193K, capacity 11963K, committed 11980K, reserved 1048576K
}
Event: 30.045 GC heap after
{Heap after GC invocations=39 (full 0):
 garbage-first heap   total 165888K, used 84147K [0x0000000080000000, 0x0000000100000000)
  region size 1024K, 7 young (7168K), 7 survivors (7168K)
 Metaspace       used 86650K, capacity 88619K, committed 88700K, reserved 1126400K
  class space    used 11193K, capacity 11963K, committed 11980K, reserved 1048576K
}

